Using pre-set license
Built from '2020.2/release' branch; Version is '2020.2.0f1 (3721df5a8b28) revision 3613151'; Using compiler version '192528614'; Build Type 'Release'
OS: 'Windows 10  (10.0.0) 64bit' Language: 'es' Physical Memory: 16295 MB
BatchMode: 1, IsHumanControllingUs: 0, StartBugReporterOnCrash: 0, Is64bit: 1, IsPro: 0

 COMMAND LINE ARGUMENTS:
C:\Program Files\Unity\Hub\Editor\2020.2.0f1\Editor\Unity.exe
-adb2
-batchMode
-noUpm
-name
AssetImportWorker0
-projectPath
D:/Nat/OneDrive/Documentos/_Work/Nat Valentine Games/Tic Tac Toe
-logFile
Logs/AssetImportWorker0.log
-srvPort
50436
Successfully changed project path to: D:/Nat/OneDrive/Documentos/_Work/Nat Valentine Games/Tic Tac Toe
D:/Nat/OneDrive/Documentos/_Work/Nat Valentine Games/Tic Tac Toe
Using Asset Import Pipeline V2.
Refreshing native plugins compatible for Editor in 34.32 ms, found 1 plugins.
Preloading 0 native plugins for Editor in 0.00 ms.
Initialize engine version: 2020.2.0f1 (3721df5a8b28)
[Subsystems] Discovering subsystems at path C:/Program Files/Unity/Hub/Editor/2020.2.0f1/Editor/Data/Resources/UnitySubsystems
[Subsystems] Discovering subsystems at path D:/Nat/OneDrive/Documentos/_Work/Nat Valentine Games/Tic Tac Toe/Assets
GfxDevice: creating device client; threaded=0
Direct3D:
    Version:  Direct3D 11.0 [level 11.1]
    Renderer: NVIDIA GeForce GTX 1660 Ti (ID=0x2182)
    Vendor:   
    VRAM:     5991 MB
    Driver:   27.21.14.6079
Initialize mono
Mono path[0] = 'C:/Program Files/Unity/Hub/Editor/2020.2.0f1/Editor/Data/Managed'
Mono path[1] = 'C:/Program Files/Unity/Hub/Editor/2020.2.0f1/Editor/Data/MonoBleedingEdge/lib/mono/unityjit'
Mono config path = 'C:/Program Files/Unity/Hub/Editor/2020.2.0f1/Editor/Data/MonoBleedingEdge/etc'
Using monoOptions --debugger-agent=transport=dt_socket,embedding=1,server=y,suspend=n,address=127.0.0.1:56408
Begin MonoManager ReloadAssembly
Registering precompiled unity dll's ...
Register platform support module: C:/Program Files/Unity/Hub/Editor/2020.2.0f1/Editor/Data/PlaybackEngines/WebGLSupport/UnityEditor.WebGL.Extensions.dll
Register platform support module: C:/Program Files/Unity/Hub/Editor/2020.2.0f1/Editor/Data/PlaybackEngines/WindowsStandaloneSupport/UnityEditor.WindowsStandalone.Extensions.dll
Registered in 0.001764 seconds.
Native extension for WindowsStandalone target not found
Native extension for WebGL target not found
Refreshing native plugins compatible for Editor in 32.50 ms, found 1 plugins.
Preloading 0 native plugins for Editor in 0.00 ms.
Invoked RoslynAnalysisRunner static constructor.
RoslynAnalysisRunner will not be running.
RoslynAnalysisRunner has terminated.
Mono: successfully reloaded assembly
- Completed reload, in  1.751 seconds
Platform modules already initialized, skipping
Registering precompiled user dll's ...
Registered in 0.000910 seconds.
Begin MonoManager ReloadAssembly
Native extension for WindowsStandalone target not found
Native extension for WebGL target not found
Refreshing native plugins compatible for Editor in 33.63 ms, found 1 plugins.
Preloading 0 native plugins for Editor in 0.00 ms.
Invoked RoslynAnalysisRunner static constructor.
RoslynAnalysisRunner will not be running.
RoslynAnalysisRunner has terminated.
Mono: successfully reloaded assembly
- Completed reload, in  0.831 seconds
Platform modules already initialized, skipping
========================================================================
Worker process is ready to serve import requests
Launched and connected shader compiler UnityShaderCompiler.exe after 0.04 seconds
Refreshing native plugins compatible for Editor in 0.36 ms, found 1 plugins.
Preloading 0 native plugins for Editor in 0.00 ms.
Unloading 1787 Unused Serialized files (Serialized files now loaded: 0)
System memory in use before: 83.7 MB.
System memory in use after: 83.6 MB.

Unloading 24 unused Assets to reduce memory usage. Loaded Objects now: 2226.
Total: 1.887700 ms (FindLiveObjects: 0.177300 ms CreateObjectMapping: 0.084400 ms MarkObjects: 1.531000 ms  DeleteObjects: 0.094300 ms)

========================================================================
Received Import Request.
  path: Assets/Scenes
  artifactKey: Guid(59978f6fc72c2de4995fececc993eb2f) Importer(815301076,1909f56bfc062723c751e8b465ee728b)
Start importing Assets/Scenes using Guid(59978f6fc72c2de4995fececc993eb2f) Importer(815301076,1909f56bfc062723c751e8b465ee728b)  -> (artifact id: '94ccae0f8cccf66442afceb44ded7917') in 0.003742 seconds
  Import took 0.006108 seconds .

========================================================================
Received Import Request.
  Time since last request: 0.000184 seconds.
  path: Assets/Scenes/SampleScene.unity
  artifactKey: Guid(2cda990e2423bbf4892e6590ba056729) Importer(815301076,1909f56bfc062723c751e8b465ee728b)
Start importing Assets/Scenes/SampleScene.unity using Guid(2cda990e2423bbf4892e6590ba056729) Importer(815301076,1909f56bfc062723c751e8b465ee728b)  -> (artifact id: 'e664f419ff2f8dea8dd4432458a460f9') in 0.007709 seconds
  Import took 0.010167 seconds .

========================================================================
Received Import Request.
  Time since last request: 14.655565 seconds.
  path: Assets/Scenes/Main.unity
  artifactKey: Guid(2cda990e2423bbf4892e6590ba056729) Importer(815301076,1909f56bfc062723c751e8b465ee728b)
Start importing Assets/Scenes/Main.unity using Guid(2cda990e2423bbf4892e6590ba056729) Importer(815301076,1909f56bfc062723c751e8b465ee728b)  -> (artifact id: 'ca11bec3618d16569332b729542b1162') in 0.001878 seconds
  Import took 0.004445 seconds .

========================================================================
Received Import Request.
  Time since last request: 0.004277 seconds.
  path: Assets/Scenes/Main.unity
  artifactKey: Guid(2cda990e2423bbf4892e6590ba056729) Importer(815301076,1909f56bfc062723c751e8b465ee728b)
Start importing Assets/Scenes/Main.unity using Guid(2cda990e2423bbf4892e6590ba056729) Importer(815301076,1909f56bfc062723c751e8b465ee728b)  -> (artifact id: 'ca11bec3618d16569332b729542b1162') in 0.001617 seconds
  Import took 0.004317 seconds .

========================================================================
Received Import Request.
  Time since last request: 949.544872 seconds.
  path: Assets/Circle.png
  artifactKey: Guid(32f637d58506a83448389531e20d06fa) Importer(815301076,1909f56bfc062723c751e8b465ee728b)
Start importing Assets/Circle.png using Guid(32f637d58506a83448389531e20d06fa) Importer(815301076,1909f56bfc062723c751e8b465ee728b)  -> (artifact id: '54c608cc35ed6443d2e46b064e961037') in 0.106161 seconds
  Import took 0.109406 seconds .

========================================================================
Received Import Request.
  Time since last request: 26.921043 seconds.
  path: Assets
  artifactKey: Guid(00000000000000001000000000000000) Importer(815301076,1909f56bfc062723c751e8b465ee728b)
Start importing Assets using Guid(00000000000000001000000000000000) Importer(815301076,1909f56bfc062723c751e8b465ee728b)  -> (artifact id: 'b41cfa13f056e58f64cf5f3363de7353') in 0.001604 seconds
  Import took 0.005223 seconds .

========================================================================
Received Import Request.
  Time since last request: 0.000416 seconds.
  path: Assets
  artifactKey: Guid(00000000000000001000000000000000) Importer(815301076,1909f56bfc062723c751e8b465ee728b)
Start importing Assets using Guid(00000000000000001000000000000000) Importer(815301076,1909f56bfc062723c751e8b465ee728b)  -> (artifact id: 'b41cfa13f056e58f64cf5f3363de7353') in 0.001398 seconds
  Import took 0.004547 seconds .

========================================================================
Received Import Request.
  Time since last request: 7.083577 seconds.
  path: Assets/Prefabs
  artifactKey: Guid(f24ed6d8d62957a49b0eb93fd7455c67) Importer(815301076,1909f56bfc062723c751e8b465ee728b)
Start importing Assets/Prefabs using Guid(f24ed6d8d62957a49b0eb93fd7455c67) Importer(815301076,1909f56bfc062723c751e8b465ee728b)  -> (artifact id: '21fae8368872ed254d431051dd0f746f') in 0.001574 seconds
  Import took 0.004609 seconds .

========================================================================
Received Import Request.
  Time since last request: 0.001138 seconds.
  path: Assets/Prefabs
  artifactKey: Guid(f24ed6d8d62957a49b0eb93fd7455c67) Importer(815301076,1909f56bfc062723c751e8b465ee728b)
Start importing Assets/Prefabs using Guid(f24ed6d8d62957a49b0eb93fd7455c67) Importer(815301076,1909f56bfc062723c751e8b465ee728b)  -> (artifact id: '21fae8368872ed254d431051dd0f746f') in 0.001415 seconds
  Import took 0.004273 seconds .

========================================================================
Received Import Request.
  Time since last request: 5.702339 seconds.
  path: Assets/Prefabs/Circle.prefab
  artifactKey: Guid(c08f732b93cea2c47a94fcf2664a195f) Importer(815301076,1909f56bfc062723c751e8b465ee728b)
Start importing Assets/Prefabs/Circle.prefab using Guid(c08f732b93cea2c47a94fcf2664a195f) Importer(815301076,1909f56bfc062723c751e8b465ee728b)  -> (artifact id: '9734c6b235335565326f6c7f2e1b488f') in 0.014674 seconds
  Import took 0.017647 seconds .

========================================================================
Received Import Request.
  Time since last request: 0.017832 seconds.
  path: Assets/Prefabs/Circle.prefab
  artifactKey: Guid(c08f732b93cea2c47a94fcf2664a195f) Importer(815301076,1909f56bfc062723c751e8b465ee728b)
Start importing Assets/Prefabs/Circle.prefab using Guid(c08f732b93cea2c47a94fcf2664a195f) Importer(815301076,1909f56bfc062723c751e8b465ee728b)  -> (artifact id: '9734c6b235335565326f6c7f2e1b488f') in 0.002840 seconds
  Import took 0.005470 seconds .

========================================================================
Received Import Request.
  Time since last request: 2.816204 seconds.
  path: Assets/Prefabs/Cross.prefab
  artifactKey: Guid(7eadfc74b243d1f4c8e01e63c0b7b892) Importer(815301076,1909f56bfc062723c751e8b465ee728b)
Start importing Assets/Prefabs/Cross.prefab using Guid(7eadfc74b243d1f4c8e01e63c0b7b892) Importer(815301076,1909f56bfc062723c751e8b465ee728b)  -> (artifact id: 'e4b72c9cf8a452af2e1d70720ad7fc6e') in 0.003421 seconds
  Import took 0.006438 seconds .

========================================================================
Received Import Request.
  Time since last request: 0.002554 seconds.
  path: Assets/Prefabs/Cross.prefab
  artifactKey: Guid(7eadfc74b243d1f4c8e01e63c0b7b892) Importer(815301076,1909f56bfc062723c751e8b465ee728b)
Start importing Assets/Prefabs/Cross.prefab using Guid(7eadfc74b243d1f4c8e01e63c0b7b892) Importer(815301076,1909f56bfc062723c751e8b465ee728b)  -> (artifact id: 'e4b72c9cf8a452af2e1d70720ad7fc6e') in 0.003106 seconds
  Import took 0.006334 seconds .

========================================================================
Received Import Request.
  Time since last request: 94.172133 seconds.
  path: Assets/restart.png
  artifactKey: Guid(8c1a8ed21fda26340a7c547bd8d46ad6) Importer(815301076,1909f56bfc062723c751e8b465ee728b)
Start importing Assets/restart.png using Guid(8c1a8ed21fda26340a7c547bd8d46ad6) Importer(815301076,1909f56bfc062723c751e8b465ee728b)  -> (artifact id: 'e5846389ecdda6afd2f2c05942ab960d') in 0.014882 seconds
  Import took 0.017878 seconds .

========================================================================
Received Import Request.
  Time since last request: 17.479031 seconds.
  path: Assets/Restart.png
  artifactKey: Guid(8c1a8ed21fda26340a7c547bd8d46ad6) Importer(815301076,1909f56bfc062723c751e8b465ee728b)
Start importing Assets/Restart.png using Guid(8c1a8ed21fda26340a7c547bd8d46ad6) Importer(815301076,1909f56bfc062723c751e8b465ee728b)  -> (artifact id: 'e1aff04066e556785cedaacf6894dff7') in 0.010019 seconds
  Import took 0.012883 seconds .

========================================================================
Received Import Request.
  Time since last request: 201.071036 seconds.
  path: Assets/Prefabs/Circle.prefab
  artifactKey: Guid(c08f732b93cea2c47a94fcf2664a195f) Importer(815301076,1909f56bfc062723c751e8b465ee728b)
Start importing Assets/Prefabs/Circle.prefab using Guid(c08f732b93cea2c47a94fcf2664a195f) Importer(815301076,1909f56bfc062723c751e8b465ee728b)  -> (artifact id: '3a825f65b12a327bc694843bd11440e1') in 0.003537 seconds
  Import took 0.007042 seconds .

========================================================================
Received Import Request.
  Time since last request: 59.463417 seconds.
  path: Assets/Prefabs/Cross.prefab
  artifactKey: Guid(7eadfc74b243d1f4c8e01e63c0b7b892) Importer(815301076,1909f56bfc062723c751e8b465ee728b)
Start importing Assets/Prefabs/Cross.prefab using Guid(7eadfc74b243d1f4c8e01e63c0b7b892) Importer(815301076,1909f56bfc062723c751e8b465ee728b)  -> (artifact id: '709f934b3cacd2211cf435d8d8c2979c') in 0.002950 seconds
  Import took 0.006528 seconds .

========================================================================
Received Import Request.
  Time since last request: 267.831479 seconds.
  path: Assets/Sprites
  artifactKey: Guid(85f043d5066642349a4b8115500133c5) Importer(815301076,1909f56bfc062723c751e8b465ee728b)
Start importing Assets/Sprites using Guid(85f043d5066642349a4b8115500133c5) Importer(815301076,1909f56bfc062723c751e8b465ee728b)  -> (artifact id: '0c5edc109dfeeafdc15b734ccb98cc07') in 0.001767 seconds
  Import took 0.004872 seconds .

========================================================================
Received Import Request.
  Time since last request: 0.000512 seconds.
  path: Assets/Sprites
  artifactKey: Guid(85f043d5066642349a4b8115500133c5) Importer(815301076,1909f56bfc062723c751e8b465ee728b)
Start importing Assets/Sprites using Guid(85f043d5066642349a4b8115500133c5) Importer(815301076,1909f56bfc062723c751e8b465ee728b)  -> (artifact id: '0c5edc109dfeeafdc15b734ccb98cc07') in 0.001388 seconds
  Import took 0.004720 seconds .

========================================================================
Received Import Request.
  Time since last request: 24.093172 seconds.
  path: Assets/Scripts
  artifactKey: Guid(9a2581a456ee77a429b4380ca23bf2dd) Importer(815301076,1909f56bfc062723c751e8b465ee728b)
Start importing Assets/Scripts using Guid(9a2581a456ee77a429b4380ca23bf2dd) Importer(815301076,1909f56bfc062723c751e8b465ee728b)  -> (artifact id: '4ab0033ec665ac702e33e426b48aa978') in 0.001586 seconds
  Import took 0.004483 seconds .

========================================================================
Received Import Request.
  Time since last request: 7.885817 seconds.
  path: Assets/Scripts/GameController.cs
  artifactKey: Guid(db9240f47dd7b2f4aa2abed748b4031a) Importer(815301076,1909f56bfc062723c751e8b465ee728b)
Start importing Assets/Scripts/GameController.cs using Guid(db9240f47dd7b2f4aa2abed748b4031a) Importer(815301076,1909f56bfc062723c751e8b465ee728b)  -> (artifact id: 'd94b63c8bd498f3b4f1e48870edcfcf1') in 0.007476 seconds
  Import took 0.011438 seconds .

========================================================================
Received Import Request.
  Time since last request: 0.000388 seconds.
  path: Assets/Scripts/GameController.cs
  artifactKey: Guid(db9240f47dd7b2f4aa2abed748b4031a) Importer(815301076,1909f56bfc062723c751e8b465ee728b)
Start importing Assets/Scripts/GameController.cs using Guid(db9240f47dd7b2f4aa2abed748b4031a) Importer(815301076,1909f56bfc062723c751e8b465ee728b)  -> (artifact id: 'd94b63c8bd498f3b4f1e48870edcfcf1') in 0.001739 seconds
  Import took 0.004578 seconds .

========================================================================
Received Prepare
Registering precompiled user dll's ...
Registered in 0.001067 seconds.
Begin MonoManager ReloadAssembly
Native extension for WindowsStandalone target not found
Native extension for WebGL target not found
Refreshing native plugins compatible for Editor in 0.34 ms, found 1 plugins.
Preloading 0 native plugins for Editor in 0.00 ms.
Invoked RoslynAnalysisRunner static constructor.
RoslynAnalysisRunner will not be running.
RoslynAnalysisRunner has terminated.
Mono: successfully reloaded assembly
- Completed reload, in  0.781 seconds
Platform modules already initialized, skipping
Refreshing native plugins compatible for Editor in 0.33 ms, found 1 plugins.
Preloading 0 native plugins for Editor in 0.00 ms.
Unloading 1783 Unused Serialized files (Serialized files now loaded: 0)
System memory in use before: 86.8 MB.
System memory in use after: 86.8 MB.

Unloading 12 unused Assets to reduce memory usage. Loaded Objects now: 2238.
Total: 1.787600 ms (FindLiveObjects: 0.171400 ms CreateObjectMapping: 0.064500 ms MarkObjects: 1.461700 ms  DeleteObjects: 0.088300 ms)

========================================================================
Received Prepare
Registering precompiled user dll's ...
Registered in 0.001074 seconds.
Begin MonoManager ReloadAssembly
Native extension for WindowsStandalone target not found
Native extension for WebGL target not found
Refreshing native plugins compatible for Editor in 0.32 ms, found 1 plugins.
Preloading 0 native plugins for Editor in 0.00 ms.
Invoked RoslynAnalysisRunner static constructor.
RoslynAnalysisRunner will not be running.
RoslynAnalysisRunner has terminated.
Mono: successfully reloaded assembly
- Completed reload, in  0.757 seconds
Platform modules already initialized, skipping
Refreshing native plugins compatible for Editor in 0.31 ms, found 1 plugins.
Preloading 0 native plugins for Editor in 0.00 ms.
Unloading 1783 Unused Serialized files (Serialized files now loaded: 0)
System memory in use before: 86.9 MB.
System memory in use after: 86.9 MB.

Unloading 12 unused Assets to reduce memory usage. Loaded Objects now: 2241.
Total: 1.815800 ms (FindLiveObjects: 0.162000 ms CreateObjectMapping: 0.060800 ms MarkObjects: 1.510800 ms  DeleteObjects: 0.081600 ms)

========================================================================
Received Import Request.
  Time since last request: 946.988391 seconds.
  path: Assets/Scripts/GameController.cs
  artifactKey: Guid(db9240f47dd7b2f4aa2abed748b4031a) Importer(815301076,1909f56bfc062723c751e8b465ee728b)
Start importing Assets/Scripts/GameController.cs using Guid(db9240f47dd7b2f4aa2abed748b4031a) Importer(815301076,1909f56bfc062723c751e8b465ee728b)  -> (artifact id: '35d61bcaedf0bd966b7c0334d767e5a2') in 0.003591 seconds
  Import took 0.006489 seconds .

========================================================================
Received Prepare
Registering precompiled user dll's ...
Registered in 0.001126 seconds.
Begin MonoManager ReloadAssembly
Native extension for WindowsStandalone target not found
Native extension for WebGL target not found
Refreshing native plugins compatible for Editor in 0.32 ms, found 1 plugins.
Preloading 0 native plugins for Editor in 0.00 ms.
Invoked RoslynAnalysisRunner static constructor.
RoslynAnalysisRunner will not be running.
RoslynAnalysisRunner has terminated.
Mono: successfully reloaded assembly
- Completed reload, in  0.756 seconds
Platform modules already initialized, skipping
Refreshing native plugins compatible for Editor in 0.32 ms, found 1 plugins.
Preloading 0 native plugins for Editor in 0.00 ms.
Unloading 1783 Unused Serialized files (Serialized files now loaded: 0)
System memory in use before: 87.0 MB.
System memory in use after: 87.0 MB.

Unloading 12 unused Assets to reduce memory usage. Loaded Objects now: 2244.
Total: 1.800900 ms (FindLiveObjects: 0.145200 ms CreateObjectMapping: 0.054500 ms MarkObjects: 1.510300 ms  DeleteObjects: 0.090200 ms)

========================================================================
Received Import Request.
  Time since last request: 431.880542 seconds.
  path: Assets/Scripts/GameController.cs
  artifactKey: Guid(db9240f47dd7b2f4aa2abed748b4031a) Importer(815301076,1909f56bfc062723c751e8b465ee728b)
Start importing Assets/Scripts/GameController.cs using Guid(db9240f47dd7b2f4aa2abed748b4031a) Importer(815301076,1909f56bfc062723c751e8b465ee728b)  -> (artifact id: 'b5ac5ef0c1b78b09a8e7334870403578') in 0.003444 seconds
  Import took 0.005995 seconds .

========================================================================
Received Import Request.
  Time since last request: 312.666452 seconds.
  path: ProjectSettings/TagManager.asset
  artifactKey: Guid(00000000000000003000000000000000) Importer(815301076,1909f56bfc062723c751e8b465ee728b)
Start importing ProjectSettings/TagManager.asset using Guid(00000000000000003000000000000000) Importer(815301076,1909f56bfc062723c751e8b465ee728b)  -> (artifact id: 'e0b980f315cd5757125af005ed212271') in 0.012255 seconds
  Import took 0.016100 seconds .

========================================================================
Received Import Request.
  Time since last request: 11.508501 seconds.
  path: Assets/Prefabs/Circle.prefab
  artifactKey: Guid(c08f732b93cea2c47a94fcf2664a195f) Importer(815301076,1909f56bfc062723c751e8b465ee728b)
Start importing Assets/Prefabs/Circle.prefab using Guid(c08f732b93cea2c47a94fcf2664a195f) Importer(815301076,1909f56bfc062723c751e8b465ee728b)  -> (artifact id: 'f7c2fb6b309e6626238a2e091dc63ae0') in 0.019324 seconds
  Import took 0.022237 seconds .

========================================================================
Received Import Request.
  Time since last request: 3.888605 seconds.
  path: Assets/Prefabs/Cross.prefab
  artifactKey: Guid(7eadfc74b243d1f4c8e01e63c0b7b892) Importer(815301076,1909f56bfc062723c751e8b465ee728b)
Start importing Assets/Prefabs/Cross.prefab using Guid(7eadfc74b243d1f4c8e01e63c0b7b892) Importer(815301076,1909f56bfc062723c751e8b465ee728b)  -> (artifact id: 'd57129275ca24e3f3c5dd4f185bbe8a2') in 0.003724 seconds
  Import took 0.007223 seconds .

========================================================================
Received Prepare
Registering precompiled user dll's ...
Registered in 0.001051 seconds.
Begin MonoManager ReloadAssembly
Native extension for WindowsStandalone target not found
Native extension for WebGL target not found
Refreshing native plugins compatible for Editor in 0.31 ms, found 1 plugins.
Preloading 0 native plugins for Editor in 0.00 ms.
Invoked RoslynAnalysisRunner static constructor.
RoslynAnalysisRunner will not be running.
RoslynAnalysisRunner has terminated.
Mono: successfully reloaded assembly
- Completed reload, in  0.759 seconds
Platform modules already initialized, skipping
Refreshing native plugins compatible for Editor in 0.31 ms, found 1 plugins.
Preloading 0 native plugins for Editor in 0.00 ms.
Unloading 1783 Unused Serialized files (Serialized files now loaded: 0)
System memory in use before: 87.1 MB.
System memory in use after: 87.1 MB.

Unloading 13 unused Assets to reduce memory usage. Loaded Objects now: 2247.
Total: 1.811400 ms (FindLiveObjects: 0.156400 ms CreateObjectMapping: 0.058400 ms MarkObjects: 1.515600 ms  DeleteObjects: 0.080400 ms)

========================================================================
Received Prepare
Registering precompiled user dll's ...
Registered in 0.001070 seconds.
Begin MonoManager ReloadAssembly
Native extension for WindowsStandalone target not found
Native extension for WebGL target not found
Refreshing native plugins compatible for Editor in 0.31 ms, found 1 plugins.
Preloading 0 native plugins for Editor in 0.00 ms.
Invoked RoslynAnalysisRunner static constructor.
RoslynAnalysisRunner will not be running.
RoslynAnalysisRunner has terminated.
Mono: successfully reloaded assembly
- Completed reload, in  0.741 seconds
Platform modules already initialized, skipping
Refreshing native plugins compatible for Editor in 0.31 ms, found 1 plugins.
Preloading 0 native plugins for Editor in 0.00 ms.
Unloading 1783 Unused Serialized files (Serialized files now loaded: 0)
System memory in use before: 87.1 MB.
System memory in use after: 87.1 MB.

Unloading 12 unused Assets to reduce memory usage. Loaded Objects now: 2250.
Total: 1.875600 ms (FindLiveObjects: 0.175900 ms CreateObjectMapping: 0.076000 ms MarkObjects: 1.534900 ms  DeleteObjects: 0.088100 ms)

========================================================================
Received Prepare
Registering precompiled user dll's ...
Registered in 0.001111 seconds.
Begin MonoManager ReloadAssembly
Native extension for WindowsStandalone target not found
Native extension for WebGL target not found
Refreshing native plugins compatible for Editor in 0.31 ms, found 1 plugins.
Preloading 0 native plugins for Editor in 0.00 ms.
Invoked RoslynAnalysisRunner static constructor.
RoslynAnalysisRunner will not be running.
RoslynAnalysisRunner has terminated.
Mono: successfully reloaded assembly
- Completed reload, in  0.745 seconds
Platform modules already initialized, skipping
Refreshing native plugins compatible for Editor in 0.31 ms, found 1 plugins.
Preloading 0 native plugins for Editor in 0.00 ms.
Unloading 1783 Unused Serialized files (Serialized files now loaded: 0)
System memory in use before: 87.2 MB.
System memory in use after: 87.2 MB.

Unloading 12 unused Assets to reduce memory usage. Loaded Objects now: 2253.
Total: 1.870500 ms (FindLiveObjects: 0.163100 ms CreateObjectMapping: 0.061000 ms MarkObjects: 1.537600 ms  DeleteObjects: 0.108100 ms)

========================================================================
Received Prepare
Registering precompiled user dll's ...
Registered in 0.001058 seconds.
Begin MonoManager ReloadAssembly
Native extension for WindowsStandalone target not found
Native extension for WebGL target not found
Refreshing native plugins compatible for Editor in 0.31 ms, found 1 plugins.
Preloading 0 native plugins for Editor in 0.00 ms.
Invoked RoslynAnalysisRunner static constructor.
RoslynAnalysisRunner will not be running.
RoslynAnalysisRunner has terminated.
Mono: successfully reloaded assembly
- Completed reload, in  0.736 seconds
Platform modules already initialized, skipping
Refreshing native plugins compatible for Editor in 0.32 ms, found 1 plugins.
Preloading 0 native plugins for Editor in 0.00 ms.
Unloading 1783 Unused Serialized files (Serialized files now loaded: 0)
System memory in use before: 87.3 MB.
System memory in use after: 87.3 MB.

Unloading 12 unused Assets to reduce memory usage. Loaded Objects now: 2256.
Total: 1.772800 ms (FindLiveObjects: 0.151900 ms CreateObjectMapping: 0.060100 ms MarkObjects: 1.473900 ms  DeleteObjects: 0.085700 ms)

========================================================================
Received Prepare
Registering precompiled user dll's ...
Registered in 0.001092 seconds.
Begin MonoManager ReloadAssembly
Native extension for WindowsStandalone target not found
Native extension for WebGL target not found
Refreshing native plugins compatible for Editor in 0.32 ms, found 1 plugins.
Preloading 0 native plugins for Editor in 0.00 ms.
Invoked RoslynAnalysisRunner static constructor.
RoslynAnalysisRunner will not be running.
RoslynAnalysisRunner has terminated.
Mono: successfully reloaded assembly
- Completed reload, in  0.733 seconds
Platform modules already initialized, skipping
Refreshing native plugins compatible for Editor in 0.32 ms, found 1 plugins.
Preloading 0 native plugins for Editor in 0.00 ms.
Unloading 1783 Unused Serialized files (Serialized files now loaded: 0)
System memory in use before: 87.4 MB.
System memory in use after: 87.3 MB.

Unloading 12 unused Assets to reduce memory usage. Loaded Objects now: 2259.
Total: 1.801100 ms (FindLiveObjects: 0.172500 ms CreateObjectMapping: 0.062300 ms MarkObjects: 1.480200 ms  DeleteObjects: 0.085100 ms)

========================================================================
Received Prepare
Registering precompiled user dll's ...
Registered in 0.001043 seconds.
Begin MonoManager ReloadAssembly
Native extension for WindowsStandalone target not found
Native extension for WebGL target not found
Refreshing native plugins compatible for Editor in 0.32 ms, found 1 plugins.
Preloading 0 native plugins for Editor in 0.00 ms.
Invoked RoslynAnalysisRunner static constructor.
RoslynAnalysisRunner will not be running.
RoslynAnalysisRunner has terminated.
Mono: successfully reloaded assembly
- Completed reload, in  0.764 seconds
Platform modules already initialized, skipping
Refreshing native plugins compatible for Editor in 0.31 ms, found 1 plugins.
Preloading 0 native plugins for Editor in 0.00 ms.
Unloading 1783 Unused Serialized files (Serialized files now loaded: 0)
System memory in use before: 87.4 MB.
System memory in use after: 87.4 MB.

Unloading 12 unused Assets to reduce memory usage. Loaded Objects now: 2262.
Total: 1.744500 ms (FindLiveObjects: 0.165800 ms CreateObjectMapping: 0.061600 ms MarkObjects: 1.432500 ms  DeleteObjects: 0.083400 ms)

========================================================================
Received Prepare
Registering precompiled user dll's ...
Registered in 0.001082 seconds.
Begin MonoManager ReloadAssembly
Native extension for WindowsStandalone target not found
Native extension for WebGL target not found
Refreshing native plugins compatible for Editor in 0.31 ms, found 1 plugins.
Preloading 0 native plugins for Editor in 0.00 ms.
Invoked RoslynAnalysisRunner static constructor.
RoslynAnalysisRunner will not be running.
RoslynAnalysisRunner has terminated.
Mono: successfully reloaded assembly
- Completed reload, in  0.734 seconds
Platform modules already initialized, skipping
Refreshing native plugins compatible for Editor in 0.32 ms, found 1 plugins.
Preloading 0 native plugins for Editor in 0.00 ms.
Unloading 1783 Unused Serialized files (Serialized files now loaded: 0)
System memory in use before: 87.5 MB.
System memory in use after: 87.5 MB.

Unloading 12 unused Assets to reduce memory usage. Loaded Objects now: 2265.
Total: 1.929600 ms (FindLiveObjects: 0.257300 ms CreateObjectMapping: 0.065700 ms MarkObjects: 1.520000 ms  DeleteObjects: 0.085800 ms)

========================================================================
Received Import Request.
  Time since last request: 1331.462472 seconds.
  path: Assets/Prefabs/Cross.prefab
  artifactKey: Guid(7eadfc74b243d1f4c8e01e63c0b7b892) Importer(815301076,1909f56bfc062723c751e8b465ee728b)
Start importing Assets/Prefabs/Cross.prefab using Guid(7eadfc74b243d1f4c8e01e63c0b7b892) Importer(815301076,1909f56bfc062723c751e8b465ee728b)  -> (artifact id: '01e8614cbf86fc3a6a960a8c154a413a') in 0.025488 seconds
  Import took 0.028454 seconds .

========================================================================
Received Import Request.
  Time since last request: 4.476225 seconds.
  path: Assets/Prefabs/Cross.prefab
  artifactKey: Guid(7eadfc74b243d1f4c8e01e63c0b7b892) Importer(815301076,1909f56bfc062723c751e8b465ee728b)
Start importing Assets/Prefabs/Cross.prefab using Guid(7eadfc74b243d1f4c8e01e63c0b7b892) Importer(815301076,1909f56bfc062723c751e8b465ee728b)  -> (artifact id: '545a6fb3d75280d98dd69d720d94fe19') in 0.003454 seconds
  Import took 0.006159 seconds .

========================================================================
Received Import Request.
  Time since last request: 4.820590 seconds.
  path: Assets/Prefabs/Cross.prefab
  artifactKey: Guid(7eadfc74b243d1f4c8e01e63c0b7b892) Importer(815301076,1909f56bfc062723c751e8b465ee728b)
Start importing Assets/Prefabs/Cross.prefab using Guid(7eadfc74b243d1f4c8e01e63c0b7b892) Importer(815301076,1909f56bfc062723c751e8b465ee728b)  -> (artifact id: 'd16c57545c74d760c7639b5a163ae243') in 0.003191 seconds
  Import took 0.005924 seconds .

========================================================================
Received Prepare
Registering precompiled user dll's ...
Registered in 0.001056 seconds.
Begin MonoManager ReloadAssembly
Native extension for WindowsStandalone target not found
Native extension for WebGL target not found
Refreshing native plugins compatible for Editor in 0.32 ms, found 1 plugins.
Preloading 0 native plugins for Editor in 0.00 ms.
Invoked RoslynAnalysisRunner static constructor.
RoslynAnalysisRunner will not be running.
RoslynAnalysisRunner has terminated.
Mono: successfully reloaded assembly
- Completed reload, in  0.740 seconds
Platform modules already initialized, skipping
Refreshing native plugins compatible for Editor in 0.31 ms, found 1 plugins.
Preloading 0 native plugins for Editor in 0.00 ms.
Unloading 1783 Unused Serialized files (Serialized files now loaded: 0)
System memory in use before: 87.6 MB.
System memory in use after: 87.6 MB.

Unloading 12 unused Assets to reduce memory usage. Loaded Objects now: 2268.
Total: 1.801900 ms (FindLiveObjects: 0.150100 ms CreateObjectMapping: 0.052100 ms MarkObjects: 1.519500 ms  DeleteObjects: 0.079600 ms)

========================================================================
Received Import Request.
  Time since last request: 77.654037 seconds.
  path: Assets/Scripts/asd.cs
  artifactKey: Guid(c55abe7386d703044bb9ef58a50368a4) Importer(815301076,1909f56bfc062723c751e8b465ee728b)
Start importing Assets/Scripts/asd.cs using Guid(c55abe7386d703044bb9ef58a50368a4) Importer(815301076,1909f56bfc062723c751e8b465ee728b)  -> (artifact id: 'c1754641edf9571dcb09e752e564f126') in 0.003836 seconds
  Import took 0.006642 seconds .

========================================================================
Received Prepare
Registering precompiled user dll's ...
Registered in 0.001086 seconds.
Begin MonoManager ReloadAssembly
Native extension for WindowsStandalone target not found
Native extension for WebGL target not found
Refreshing native plugins compatible for Editor in 0.31 ms, found 1 plugins.
Preloading 0 native plugins for Editor in 0.00 ms.
Invoked RoslynAnalysisRunner static constructor.
RoslynAnalysisRunner will not be running.
RoslynAnalysisRunner has terminated.
Mono: successfully reloaded assembly
- Completed reload, in  0.761 seconds
Platform modules already initialized, skipping
Refreshing native plugins compatible for Editor in 0.31 ms, found 1 plugins.
Preloading 0 native plugins for Editor in 0.00 ms.
Unloading 1783 Unused Serialized files (Serialized files now loaded: 0)
System memory in use before: 87.6 MB.
System memory in use after: 87.6 MB.

Unloading 12 unused Assets to reduce memory usage. Loaded Objects now: 2271.
Total: 1.807900 ms (FindLiveObjects: 0.176800 ms CreateObjectMapping: 0.069900 ms MarkObjects: 1.475100 ms  DeleteObjects: 0.085300 ms)

========================================================================
Received Prepare
Registering precompiled user dll's ...
Registered in 0.001110 seconds.
Begin MonoManager ReloadAssembly
Native extension for WindowsStandalone target not found
Native extension for WebGL target not found
Refreshing native plugins compatible for Editor in 0.33 ms, found 1 plugins.
Preloading 0 native plugins for Editor in 0.00 ms.
Invoked RoslynAnalysisRunner static constructor.
RoslynAnalysisRunner will not be running.
RoslynAnalysisRunner has terminated.
Mono: successfully reloaded assembly
- Completed reload, in  0.745 seconds
Platform modules already initialized, skipping
Refreshing native plugins compatible for Editor in 0.31 ms, found 1 plugins.
Preloading 0 native plugins for Editor in 0.00 ms.
Unloading 1783 Unused Serialized files (Serialized files now loaded: 0)
System memory in use before: 87.7 MB.
System memory in use after: 87.7 MB.

Unloading 12 unused Assets to reduce memory usage. Loaded Objects now: 2274.
Total: 1.733900 ms (FindLiveObjects: 0.159300 ms CreateObjectMapping: 0.058000 ms MarkObjects: 1.433200 ms  DeleteObjects: 0.082400 ms)

========================================================================
Received Prepare
Registering precompiled user dll's ...
Registered in 0.001059 seconds.
Begin MonoManager ReloadAssembly
Native extension for WindowsStandalone target not found
Native extension for WebGL target not found
Refreshing native plugins compatible for Editor in 0.43 ms, found 1 plugins.
Preloading 0 native plugins for Editor in 0.00 ms.
Invoked RoslynAnalysisRunner static constructor.
RoslynAnalysisRunner will not be running.
RoslynAnalysisRunner has terminated.
Mono: successfully reloaded assembly
- Completed reload, in  0.879 seconds
Platform modules already initialized, skipping
Refreshing native plugins compatible for Editor in 0.35 ms, found 1 plugins.
Preloading 0 native plugins for Editor in 0.00 ms.
Unloading 1783 Unused Serialized files (Serialized files now loaded: 0)
System memory in use before: 87.8 MB.
System memory in use after: 87.8 MB.

Unloading 12 unused Assets to reduce memory usage. Loaded Objects now: 2277.
Total: 2.052200 ms (FindLiveObjects: 0.164100 ms CreateObjectMapping: 0.061300 ms MarkObjects: 1.726100 ms  DeleteObjects: 0.099100 ms)

========================================================================
Received Prepare
Registering precompiled user dll's ...
Registered in 0.001182 seconds.
Begin MonoManager ReloadAssembly
Native extension for WindowsStandalone target not found
Native extension for WebGL target not found
Refreshing native plugins compatible for Editor in 0.34 ms, found 1 plugins.
Preloading 0 native plugins for Editor in 0.00 ms.
Invoked RoslynAnalysisRunner static constructor.
RoslynAnalysisRunner will not be running.
RoslynAnalysisRunner has terminated.
Mono: successfully reloaded assembly
- Completed reload, in  0.883 seconds
Platform modules already initialized, skipping
Refreshing native plugins compatible for Editor in 0.32 ms, found 1 plugins.
Preloading 0 native plugins for Editor in 0.00 ms.
Unloading 1783 Unused Serialized files (Serialized files now loaded: 0)
System memory in use before: 87.8 MB.
System memory in use after: 87.8 MB.

Unloading 12 unused Assets to reduce memory usage. Loaded Objects now: 2280.
Total: 2.027200 ms (FindLiveObjects: 0.184400 ms CreateObjectMapping: 0.068200 ms MarkObjects: 1.679400 ms  DeleteObjects: 0.093900 ms)

========================================================================
Received Prepare
Registering precompiled user dll's ...
Registered in 0.001096 seconds.
Begin MonoManager ReloadAssembly
Native extension for WindowsStandalone target not found
Native extension for WebGL target not found
Refreshing native plugins compatible for Editor in 0.33 ms, found 1 plugins.
Preloading 0 native plugins for Editor in 0.00 ms.
Invoked RoslynAnalysisRunner static constructor.
RoslynAnalysisRunner will not be running.
RoslynAnalysisRunner has terminated.
Mono: successfully reloaded assembly
- Completed reload, in  0.861 seconds
Platform modules already initialized, skipping
Refreshing native plugins compatible for Editor in 0.36 ms, found 1 plugins.
Preloading 0 native plugins for Editor in 0.00 ms.
Unloading 1783 Unused Serialized files (Serialized files now loaded: 0)
System memory in use before: 87.9 MB.
System memory in use after: 87.9 MB.

Unloading 12 unused Assets to reduce memory usage. Loaded Objects now: 2283.
Total: 2.124700 ms (FindLiveObjects: 0.191600 ms CreateObjectMapping: 0.132300 ms MarkObjects: 1.698500 ms  DeleteObjects: 0.100700 ms)

========================================================================
Received Import Request.
  Time since last request: 1146.341805 seconds.
  path: Assets/Scripts/GameController.cs
  artifactKey: Guid(db9240f47dd7b2f4aa2abed748b4031a) Importer(815301076,1909f56bfc062723c751e8b465ee728b)
Start importing Assets/Scripts/GameController.cs using Guid(db9240f47dd7b2f4aa2abed748b4031a) Importer(815301076,1909f56bfc062723c751e8b465ee728b)  -> (artifact id: '218a1f64f297602d18e3766487055506') in 0.003684 seconds
  Import took 0.006603 seconds .

========================================================================
Received Import Request.
  Time since last request: 0.023768 seconds.
  path: Assets/Scripts/GameController.cs
  artifactKey: Guid(db9240f47dd7b2f4aa2abed748b4031a) Importer(815301076,1909f56bfc062723c751e8b465ee728b)
Start importing Assets/Scripts/GameController.cs using Guid(db9240f47dd7b2f4aa2abed748b4031a) Importer(815301076,1909f56bfc062723c751e8b465ee728b)  -> (artifact id: '218a1f64f297602d18e3766487055506') in 0.001437 seconds
  Import took 0.004284 seconds .

========================================================================
Received Prepare
Registering precompiled user dll's ...
Registered in 0.001119 seconds.
Begin MonoManager ReloadAssembly
Native extension for WindowsStandalone target not found
Native extension for WebGL target not found
Refreshing native plugins compatible for Editor in 0.40 ms, found 1 plugins.
Preloading 0 native plugins for Editor in 0.00 ms.
Invoked RoslynAnalysisRunner static constructor.
RoslynAnalysisRunner will not be running.
RoslynAnalysisRunner has terminated.
Mono: successfully reloaded assembly
- Completed reload, in  0.884 seconds
Platform modules already initialized, skipping
Refreshing native plugins compatible for Editor in 0.39 ms, found 1 plugins.
Preloading 0 native plugins for Editor in 0.00 ms.
Unloading 1783 Unused Serialized files (Serialized files now loaded: 0)
System memory in use before: 88.0 MB.
System memory in use after: 88.0 MB.

Unloading 12 unused Assets to reduce memory usage. Loaded Objects now: 2286.
Total: 2.312500 ms (FindLiveObjects: 0.185500 ms CreateObjectMapping: 0.065000 ms MarkObjects: 1.973100 ms  DeleteObjects: 0.087900 ms)

========================================================================
Received Prepare
Registering precompiled user dll's ...
Registered in 0.001080 seconds.
Begin MonoManager ReloadAssembly
Native extension for WindowsStandalone target not found
Native extension for WebGL target not found
Refreshing native plugins compatible for Editor in 0.33 ms, found 1 plugins.
Preloading 0 native plugins for Editor in 0.00 ms.
Invoked RoslynAnalysisRunner static constructor.
RoslynAnalysisRunner will not be running.
RoslynAnalysisRunner has terminated.
Mono: successfully reloaded assembly
- Completed reload, in  0.731 seconds
Platform modules already initialized, skipping
Refreshing native plugins compatible for Editor in 0.31 ms, found 1 plugins.
Preloading 0 native plugins for Editor in 0.00 ms.
Unloading 1783 Unused Serialized files (Serialized files now loaded: 0)
System memory in use before: 88.0 MB.
System memory in use after: 88.0 MB.

Unloading 12 unused Assets to reduce memory usage. Loaded Objects now: 2289.
Total: 1.794600 ms (FindLiveObjects: 0.170300 ms CreateObjectMapping: 0.061100 ms MarkObjects: 1.477500 ms  DeleteObjects: 0.085100 ms)

========================================================================
Received Prepare
Registering precompiled user dll's ...
Registered in 0.001051 seconds.
Begin MonoManager ReloadAssembly
Native extension for WindowsStandalone target not found
Native extension for WebGL target not found
Refreshing native plugins compatible for Editor in 0.32 ms, found 1 plugins.
Preloading 0 native plugins for Editor in 0.00 ms.
Invoked RoslynAnalysisRunner static constructor.
RoslynAnalysisRunner will not be running.
RoslynAnalysisRunner has terminated.
Mono: successfully reloaded assembly
- Completed reload, in  0.877 seconds
Platform modules already initialized, skipping
Refreshing native plugins compatible for Editor in 0.34 ms, found 1 plugins.
Preloading 0 native plugins for Editor in 0.00 ms.
Unloading 1783 Unused Serialized files (Serialized files now loaded: 0)
System memory in use before: 88.1 MB.
System memory in use after: 88.1 MB.

Unloading 12 unused Assets to reduce memory usage. Loaded Objects now: 2292.
Total: 2.052300 ms (FindLiveObjects: 0.220500 ms CreateObjectMapping: 0.175200 ms MarkObjects: 1.569800 ms  DeleteObjects: 0.085600 ms)

========================================================================
Received Prepare
Registering precompiled user dll's ...
Registered in 0.001068 seconds.
Begin MonoManager ReloadAssembly
Native extension for WindowsStandalone target not found
Native extension for WebGL target not found
Refreshing native plugins compatible for Editor in 0.35 ms, found 1 plugins.
Preloading 0 native plugins for Editor in 0.00 ms.
Invoked RoslynAnalysisRunner static constructor.
RoslynAnalysisRunner will not be running.
RoslynAnalysisRunner has terminated.
Mono: successfully reloaded assembly
- Completed reload, in  0.858 seconds
Platform modules already initialized, skipping
Refreshing native plugins compatible for Editor in 0.31 ms, found 1 plugins.
Preloading 0 native plugins for Editor in 0.00 ms.
Unloading 1783 Unused Serialized files (Serialized files now loaded: 0)
System memory in use before: 88.2 MB.
System memory in use after: 88.2 MB.

Unloading 12 unused Assets to reduce memory usage. Loaded Objects now: 2295.
Total: 1.815800 ms (FindLiveObjects: 0.154700 ms CreateObjectMapping: 0.057800 ms MarkObjects: 1.520300 ms  DeleteObjects: 0.082200 ms)

========================================================================
Received Prepare
Registering precompiled user dll's ...
Registered in 0.001073 seconds.
Begin MonoManager ReloadAssembly
Native extension for WindowsStandalone target not found
Native extension for WebGL target not found
Refreshing native plugins compatible for Editor in 0.31 ms, found 1 plugins.
Preloading 0 native plugins for Editor in 0.00 ms.
Invoked RoslynAnalysisRunner static constructor.
RoslynAnalysisRunner will not be running.
RoslynAnalysisRunner has terminated.
Mono: successfully reloaded assembly
- Completed reload, in  0.742 seconds
Platform modules already initialized, skipping
Refreshing native plugins compatible for Editor in 0.33 ms, found 1 plugins.
Preloading 0 native plugins for Editor in 0.00 ms.
Unloading 1783 Unused Serialized files (Serialized files now loaded: 0)
System memory in use before: 88.2 MB.
System memory in use after: 88.2 MB.

Unloading 12 unused Assets to reduce memory usage. Loaded Objects now: 2298.
Total: 1.695200 ms (FindLiveObjects: 0.165000 ms CreateObjectMapping: 0.060700 ms MarkObjects: 1.386100 ms  DeleteObjects: 0.082700 ms)

========================================================================
Received Prepare
Registering precompiled user dll's ...
Registered in 0.001084 seconds.
Begin MonoManager ReloadAssembly
Native extension for WindowsStandalone target not found
Native extension for WebGL target not found
Refreshing native plugins compatible for Editor in 0.42 ms, found 1 plugins.
Preloading 0 native plugins for Editor in 0.00 ms.
Invoked RoslynAnalysisRunner static constructor.
RoslynAnalysisRunner will not be running.
RoslynAnalysisRunner has terminated.
Mono: successfully reloaded assembly
- Completed reload, in  0.850 seconds
Platform modules already initialized, skipping
Refreshing native plugins compatible for Editor in 0.40 ms, found 1 plugins.
Preloading 0 native plugins for Editor in 0.00 ms.
Unloading 1783 Unused Serialized files (Serialized files now loaded: 0)
System memory in use before: 88.3 MB.
System memory in use after: 88.3 MB.

Unloading 12 unused Assets to reduce memory usage. Loaded Objects now: 2301.
Total: 2.222100 ms (FindLiveObjects: 0.191800 ms CreateObjectMapping: 0.069500 ms MarkObjects: 1.858400 ms  DeleteObjects: 0.100900 ms)

========================================================================
Received Prepare
Registering precompiled user dll's ...
Registered in 0.001126 seconds.
Begin MonoManager ReloadAssembly
Native extension for WindowsStandalone target not found
Native extension for WebGL target not found
Refreshing native plugins compatible for Editor in 0.32 ms, found 1 plugins.
Preloading 0 native plugins for Editor in 0.00 ms.
Invoked RoslynAnalysisRunner static constructor.
RoslynAnalysisRunner will not be running.
RoslynAnalysisRunner has terminated.
Mono: successfully reloaded assembly
- Completed reload, in  0.754 seconds
Platform modules already initialized, skipping
Refreshing native plugins compatible for Editor in 0.31 ms, found 1 plugins.
Preloading 0 native plugins for Editor in 0.00 ms.
Unloading 1783 Unused Serialized files (Serialized files now loaded: 0)
System memory in use before: 88.4 MB.
System memory in use after: 88.4 MB.

Unloading 12 unused Assets to reduce memory usage. Loaded Objects now: 2304.
Total: 1.825600 ms (FindLiveObjects: 0.193900 ms CreateObjectMapping: 0.060000 ms MarkObjects: 1.487000 ms  DeleteObjects: 0.083400 ms)

========================================================================
Received Prepare
Refreshing native plugins compatible for Editor in 1.80 ms, found 1 plugins.
Preloading 0 native plugins for Editor in 0.00 ms.
Unloading 10 Unused Serialized files (Serialized files now loaded: 0)
System memory in use before: 53.4 MB.
System memory in use after: 53.4 MB.

Unloading 10 unused Assets to reduce memory usage. Loaded Objects now: 2304.
Total: 1.924700 ms (FindLiveObjects: 0.184000 ms CreateObjectMapping: 0.073800 ms MarkObjects: 1.580500 ms  DeleteObjects: 0.085600 ms)

========================================================================
Received Prepare
Registering precompiled user dll's ...
Registered in 0.001056 seconds.
Begin MonoManager ReloadAssembly
Native extension for WindowsStandalone target not found
Native extension for WebGL target not found
Refreshing native plugins compatible for Editor in 0.32 ms, found 1 plugins.
Preloading 0 native plugins for Editor in 0.00 ms.
Invoked RoslynAnalysisRunner static constructor.
RoslynAnalysisRunner will not be running.
RoslynAnalysisRunner has terminated.
Mono: successfully reloaded assembly
- Completed reload, in  0.880 seconds
Platform modules already initialized, skipping
Refreshing native plugins compatible for Editor in 0.33 ms, found 1 plugins.
Preloading 0 native plugins for Editor in 0.00 ms.
Unloading 1787 Unused Serialized files (Serialized files now loaded: 0)
System memory in use before: 88.6 MB.
System memory in use after: 88.6 MB.

Unloading 12 unused Assets to reduce memory usage. Loaded Objects now: 2307.
Total: 1.856500 ms (FindLiveObjects: 0.168000 ms CreateObjectMapping: 0.061200 ms MarkObjects: 1.540900 ms  DeleteObjects: 0.085300 ms)

========================================================================
Received Prepare
Refreshing native plugins compatible for Editor in 1.91 ms, found 1 plugins.
Preloading 0 native plugins for Editor in 0.00 ms.
Unloading 13 Unused Serialized files (Serialized files now loaded: 0)
System memory in use before: 53.6 MB.
System memory in use after: 53.6 MB.

Unloading 10 unused Assets to reduce memory usage. Loaded Objects now: 2307.
Total: 2.153600 ms (FindLiveObjects: 0.201700 ms CreateObjectMapping: 0.078300 ms MarkObjects: 1.782700 ms  DeleteObjects: 0.089400 ms)

========================================================================
Received Prepare
Refreshing native plugins compatible for Editor in 1.68 ms, found 1 plugins.
Preloading 0 native plugins for Editor in 0.00 ms.
Unloading 10 Unused Serialized files (Serialized files now loaded: 0)
System memory in use before: 53.6 MB.
System memory in use after: 53.6 MB.

Unloading 10 unused Assets to reduce memory usage. Loaded Objects now: 2307.
Total: 1.780600 ms (FindLiveObjects: 0.169400 ms CreateObjectMapping: 0.060800 ms MarkObjects: 1.466300 ms  DeleteObjects: 0.083500 ms)

========================================================================
Received Prepare
Registering precompiled user dll's ...
Registered in 0.001104 seconds.
Begin MonoManager ReloadAssembly
Native extension for WindowsStandalone target not found
Native extension for WebGL target not found
Refreshing native plugins compatible for Editor in 0.32 ms, found 1 plugins.
Preloading 0 native plugins for Editor in 0.00 ms.
Invoked RoslynAnalysisRunner static constructor.
RoslynAnalysisRunner will not be running.
RoslynAnalysisRunner has terminated.
Mono: successfully reloaded assembly
- Completed reload, in  0.790 seconds
Platform modules already initialized, skipping
Refreshing native plugins compatible for Editor in 0.35 ms, found 1 plugins.
Preloading 0 native plugins for Editor in 0.00 ms.
Unloading 1786 Unused Serialized files (Serialized files now loaded: 0)
System memory in use before: 88.7 MB.
System memory in use after: 88.7 MB.

Unloading 12 unused Assets to reduce memory usage. Loaded Objects now: 2310.
Total: 1.722500 ms (FindLiveObjects: 0.171400 ms CreateObjectMapping: 0.062600 ms MarkObjects: 1.402500 ms  DeleteObjects: 0.084800 ms)

========================================================================
Received Prepare
Refreshing native plugins compatible for Editor in 1.92 ms, found 1 plugins.
Preloading 0 native plugins for Editor in 0.00 ms.
Unloading 10 Unused Serialized files (Serialized files now loaded: 0)
System memory in use before: 53.7 MB.
System memory in use after: 53.7 MB.

Unloading 10 unused Assets to reduce memory usage. Loaded Objects now: 2310.
Total: 1.923900 ms (FindLiveObjects: 0.156500 ms CreateObjectMapping: 0.054900 ms MarkObjects: 1.623700 ms  DeleteObjects: 0.087800 ms)

========================================================================
Received Prepare
Refreshing native plugins compatible for Editor in 1.72 ms, found 1 plugins.
Preloading 0 native plugins for Editor in 0.00 ms.
Unloading 10 Unused Serialized files (Serialized files now loaded: 0)
System memory in use before: 53.8 MB.
System memory in use after: 53.8 MB.

Unloading 10 unused Assets to reduce memory usage. Loaded Objects now: 2310.
Total: 1.840600 ms (FindLiveObjects: 0.185000 ms CreateObjectMapping: 0.068700 ms MarkObjects: 1.495500 ms  DeleteObjects: 0.090400 ms)

========================================================================
Received Prepare
Registering precompiled user dll's ...
Registered in 0.001207 seconds.
Begin MonoManager ReloadAssembly
Native extension for WindowsStandalone target not found
Native extension for WebGL target not found
Refreshing native plugins compatible for Editor in 0.36 ms, found 1 plugins.
Preloading 0 native plugins for Editor in 0.00 ms.
Invoked RoslynAnalysisRunner static constructor.
RoslynAnalysisRunner will not be running.
RoslynAnalysisRunner has terminated.
Mono: successfully reloaded assembly
- Completed reload, in  0.887 seconds
Platform modules already initialized, skipping
Refreshing native plugins compatible for Editor in 0.37 ms, found 1 plugins.
Preloading 0 native plugins for Editor in 0.00 ms.
Unloading 1783 Unused Serialized files (Serialized files now loaded: 0)
System memory in use before: 88.9 MB.
System memory in use after: 88.9 MB.

Unloading 12 unused Assets to reduce memory usage. Loaded Objects now: 2313.
Total: 2.381300 ms (FindLiveObjects: 0.284800 ms CreateObjectMapping: 0.079200 ms MarkObjects: 1.923300 ms  DeleteObjects: 0.092600 ms)

========================================================================
Received Import Request.
  Time since last request: 4242.034704 seconds.
  path: Assets/icon.png
  artifactKey: Guid(43a63a559f367f34d99cd0ae4328c531) Importer(815301076,1909f56bfc062723c751e8b465ee728b)
Start importing Assets/icon.png using Guid(43a63a559f367f34d99cd0ae4328c531) Importer(815301076,1909f56bfc062723c751e8b465ee728b)  -> (artifact id: '4c007f8712f3f9b3c04c088aa129522d') in 0.054743 seconds
  Import took 0.058198 seconds .

========================================================================
Received Import Request.
  Time since last request: 3.263680 seconds.
  path: Assets/Sprites/Circle.png
  artifactKey: Guid(32f637d58506a83448389531e20d06fa) Importer(815301076,1909f56bfc062723c751e8b465ee728b)
Start importing Assets/Sprites/Circle.png using Guid(32f637d58506a83448389531e20d06fa) Importer(815301076,1909f56bfc062723c751e8b465ee728b)  -> (artifact id: '5360203565dc029251053fe119b227b4') in 0.006473 seconds
  Import took 0.009191 seconds .

========================================================================
Received Import Request.
  Time since last request: 0.000166 seconds.
  path: Assets/Sprites/Restart.png
  artifactKey: Guid(8c1a8ed21fda26340a7c547bd8d46ad6) Importer(815301076,1909f56bfc062723c751e8b465ee728b)
Start importing Assets/Sprites/Restart.png using Guid(8c1a8ed21fda26340a7c547bd8d46ad6) Importer(815301076,1909f56bfc062723c751e8b465ee728b)  -> (artifact id: '5546ac743017fee4b971ccb567538eaf') in 0.006873 seconds
  Import took 0.009697 seconds .

========================================================================
Received Import Request.
  Time since last request: 0.000254 seconds.
  path: Assets/Sprites/Circle.png
  artifactKey: Guid(32f637d58506a83448389531e20d06fa) Importer(815301076,1909f56bfc062723c751e8b465ee728b)
Start importing Assets/Sprites/Circle.png using Guid(32f637d58506a83448389531e20d06fa) Importer(815301076,1909f56bfc062723c751e8b465ee728b)  -> (artifact id: '5360203565dc029251053fe119b227b4') in 0.007153 seconds
  Import took 0.010004 seconds .

========================================================================
Received Import Request.
  Time since last request: 0.001543 seconds.
  path: Assets/Sprites/Restart.png
  artifactKey: Guid(8c1a8ed21fda26340a7c547bd8d46ad6) Importer(815301076,1909f56bfc062723c751e8b465ee728b)
Start importing Assets/Sprites/Restart.png using Guid(8c1a8ed21fda26340a7c547bd8d46ad6) Importer(815301076,1909f56bfc062723c751e8b465ee728b)  -> (artifact id: '5546ac743017fee4b971ccb567538eaf') in 0.007769 seconds
  Import took 0.011005 seconds .

========================================================================
Received Prepare
Refreshing native plugins compatible for Editor in 1.77 ms, found 1 plugins.
Preloading 0 native plugins for Editor in 0.00 ms.
Unloading 10 Unused Serialized files (Serialized files now loaded: 0)
System memory in use before: 54.0 MB.
System memory in use after: 54.0 MB.

Unloading 10 unused Assets to reduce memory usage. Loaded Objects now: 2314.
Total: 2.616400 ms (FindLiveObjects: 0.302100 ms CreateObjectMapping: 0.074000 ms MarkObjects: 2.146600 ms  DeleteObjects: 0.092600 ms)

========================================================================
Received Prepare
Registering precompiled user dll's ...
Registered in 0.001076 seconds.
Begin MonoManager ReloadAssembly
Native extension for WindowsStandalone target not found
Native extension for WebGL target not found
Refreshing native plugins compatible for Editor in 0.33 ms, found 1 plugins.
Preloading 0 native plugins for Editor in 0.00 ms.
Invoked RoslynAnalysisRunner static constructor.
RoslynAnalysisRunner will not be running.
RoslynAnalysisRunner has terminated.
Mono: successfully reloaded assembly
- Completed reload, in  1.036 seconds
Platform modules already initialized, skipping
Refreshing native plugins compatible for Editor in 0.31 ms, found 1 plugins.
Preloading 0 native plugins for Editor in 0.00 ms.
Unloading 1787 Unused Serialized files (Serialized files now loaded: 0)
System memory in use before: 89.0 MB.
System memory in use after: 89.0 MB.

Unloading 12 unused Assets to reduce memory usage. Loaded Objects now: 2317.
Total: 1.957700 ms (FindLiveObjects: 0.178000 ms CreateObjectMapping: 0.062400 ms MarkObjects: 1.623200 ms  DeleteObjects: 0.093000 ms)

========================================================================
Received Prepare
Refreshing native plugins compatible for Editor in 1.86 ms, found 1 plugins.
Preloading 0 native plugins for Editor in 0.00 ms.
Unloading 13 Unused Serialized files (Serialized files now loaded: 0)
System memory in use before: 53.1 MB.
System memory in use after: 53.1 MB.

Unloading 10 unused Assets to reduce memory usage. Loaded Objects now: 2317.
Total: 1.782400 ms (FindLiveObjects: 0.166200 ms CreateObjectMapping: 0.059900 ms MarkObjects: 1.472100 ms  DeleteObjects: 0.083700 ms)

========================================================================
Received Import Request.
  Time since last request: 614.283998 seconds.
  path: Assets/icon.png
  artifactKey: Guid(43a63a559f367f34d99cd0ae4328c531) Importer(815301076,1909f56bfc062723c751e8b465ee728b)
Start importing Assets/icon.png using Guid(43a63a559f367f34d99cd0ae4328c531) Importer(815301076,1909f56bfc062723c751e8b465ee728b)  -> (artifact id: '43481458d5673225a4197e75331f7eb2') in 0.048977 seconds
  Import took 0.051759 seconds .

========================================================================
Received Prepare
Refreshing native plugins compatible for Editor in 1.74 ms, found 1 plugins.
Preloading 0 native plugins for Editor in 0.00 ms.
Unloading 10 Unused Serialized files (Serialized files now loaded: 0)
System memory in use before: 53.2 MB.
System memory in use after: 53.2 MB.

Unloading 10 unused Assets to reduce memory usage. Loaded Objects now: 2318.
Total: 2.391500 ms (FindLiveObjects: 0.188800 ms CreateObjectMapping: 0.061300 ms MarkObjects: 2.052600 ms  DeleteObjects: 0.087800 ms)

========================================================================
Received Prepare
Registering precompiled user dll's ...
Registered in 0.001259 seconds.
Begin MonoManager ReloadAssembly
Native extension for WindowsStandalone target not found
Native extension for WebGL target not found
Refreshing native plugins compatible for Editor in 0.34 ms, found 1 plugins.
Preloading 0 native plugins for Editor in 0.00 ms.
Invoked RoslynAnalysisRunner static constructor.
RoslynAnalysisRunner will not be running.
RoslynAnalysisRunner has terminated.
Mono: successfully reloaded assembly
- Completed reload, in  0.792 seconds
Platform modules already initialized, skipping
Refreshing native plugins compatible for Editor in 0.31 ms, found 1 plugins.
Preloading 0 native plugins for Editor in 0.00 ms.
Unloading 1786 Unused Serialized files (Serialized files now loaded: 0)
System memory in use before: 88.2 MB.
System memory in use after: 88.2 MB.

Unloading 12 unused Assets to reduce memory usage. Loaded Objects now: 2321.
Total: 1.819400 ms (FindLiveObjects: 0.158300 ms CreateObjectMapping: 0.055800 ms MarkObjects: 1.520700 ms  DeleteObjects: 0.084000 ms)

========================================================================
Received Prepare
Refreshing native plugins compatible for Editor in 1.78 ms, found 1 plugins.
Preloading 0 native plugins for Editor in 0.00 ms.
Unloading 10 Unused Serialized files (Serialized files now loaded: 0)
System memory in use before: 53.2 MB.
System memory in use after: 53.2 MB.

Unloading 10 unused Assets to reduce memory usage. Loaded Objects now: 2321.
Total: 1.767800 ms (FindLiveObjects: 0.160100 ms CreateObjectMapping: 0.056900 ms MarkObjects: 1.465400 ms  DeleteObjects: 0.084500 ms)

========================================================================
Received Prepare
Refreshing native plugins compatible for Editor in 1.72 ms, found 1 plugins.
Preloading 0 native plugins for Editor in 0.00 ms.
Unloading 10 Unused Serialized files (Serialized files now loaded: 0)
System memory in use before: 53.3 MB.
System memory in use after: 53.3 MB.

Unloading 10 unused Assets to reduce memory usage. Loaded Objects now: 2321.
Total: 1.811000 ms (FindLiveObjects: 0.189100 ms CreateObjectMapping: 0.069400 ms MarkObjects: 1.466200 ms  DeleteObjects: 0.085300 ms)

========================================================================
Received Prepare
Refreshing native plugins compatible for Editor in 1.68 ms, found 1 plugins.
Preloading 0 native plugins for Editor in 0.00 ms.
Unloading 10 Unused Serialized files (Serialized files now loaded: 0)
System memory in use before: 53.4 MB.
System memory in use after: 53.4 MB.

Unloading 10 unused Assets to reduce memory usage. Loaded Objects now: 2321.
Total: 2.634600 ms (FindLiveObjects: 0.202300 ms CreateObjectMapping: 0.069400 ms MarkObjects: 2.274100 ms  DeleteObjects: 0.087600 ms)

========================================================================
Received Import Request.
  Time since last request: 1003.134920 seconds.
  path: Assets/cover.png
  artifactKey: Guid(aa1433055972eae4d8cca8480aab83cc) Importer(815301076,1909f56bfc062723c751e8b465ee728b)
Start importing Assets/cover.png using Guid(aa1433055972eae4d8cca8480aab83cc) Importer(815301076,1909f56bfc062723c751e8b465ee728b)  -> (artifact id: '10e0180c7b2c45bbb66d712ad94127af') in 0.048400 seconds
  Import took 0.051818 seconds .

AssetImportWorkerClient::OnTransportError - code=2 error=End of file
